2024-06-03T23:54:27.101Z info: Server running at http://localhost:3000/
2024-06-04T00:14:00.314Z info: Server running at http://localhost:3000/
2024-06-04T10:27:59.792Z info: Server running at http://localhost:3000/
2024-06-04T10:33:45.288Z info: Server running at http://localhost:3000/
2024-06-04T10:34:08.004Z error: Error extracting module: ENOENT: Cannot cd into '/home/sn8k/brainJS/modules/system-info'
2024-06-04T10:37:16.541Z info: Server running at http://localhost:3000/
2024-06-04T10:39:12.589Z info: Server running at http://localhost:3000/
2024-06-04T10:39:30.402Z info: Module system-info.tar.gz installed successfully.
2024-06-04T10:41:11.896Z info: Module system-info (1).tar.gz installed successfully.
2024-06-04T10:43:19.985Z info: Server running at http://localhost:3000/
2024-06-04T10:43:35.521Z info: Module system-info.tar.gz installed successfully.
2024-06-04T10:43:42.505Z info: Module system-info deleted successfully.
2024-06-04T10:43:49.386Z info: Module system-info (1).tar.gz installed successfully.
2024-06-04T10:43:54.952Z info: Module system-info (1) deleted successfully.
2024-06-04T10:44:11.222Z info: Module system-info.tar.gz installed successfully.
2024-06-04T11:09:29.519Z info: Server running at http://localhost:3000/
2024-06-04T11:10:08.820Z info: Module system-info deleted successfully.
2024-06-04T11:10:24.568Z info: Module system-info.tar.gz installed successfully.
2024-06-04T11:10:47.390Z info: Module system-info deleted successfully.
2024-06-04T11:12:22.851Z info: Server running at http://localhost:3000/
2024-06-04T11:20:46.406Z info: Server running at http://localhost:3000/
2024-06-04T11:26:18.404Z info: Server running at http://localhost:3000/
2024-06-04T11:27:07.931Z info: Module system-info.tar.gz installed successfully.
2024-06-04T11:27:27.002Z info: Module system-info deleted successfully.
2024-06-04T11:34:58.697Z info: Server running at http://localhost:3000/
2024-06-04T18:51:34.890Z info: Server running at http://localhost:3000/
2024-06-04T19:12:51.441Z info: Server running at http://localhost:3000/
2024-06-04T19:15:28.935Z info: Server running at http://localhost:3000/
2024-06-04T19:16:12.037Z info: Module system-info.tar.gz installed successfully.
2024-06-04T19:16:28.970Z info: Module system-info deleted successfully.
2024-06-04T19:20:58.124Z info: Server running at http://localhost:3000/
2024-06-04T19:36:54.401Z info: Server running at http://localhost:3000/
2024-06-04T19:41:23.323Z info: Server running at http://localhost:3000/
2024-06-04T19:44:49.096Z info: Server running at http://localhost:3000/
2024-06-04T20:33:19.914Z info: Server running at http://localhost:3000/
2024-06-04T20:35:10.042Z info: Server running at http://localhost:3000/
2024-06-04T20:39:10.094Z info: Server running at http://localhost:3000/
2024-06-04T20:43:22.886Z info: Server running at http://localhost:3000/
2024-06-04T21:17:31.265Z info: Server running at http://localhost:3000/
2024-06-04T21:19:45.154Z info: Server running at http://localhost:3000/
2024-06-04T21:27:01.170Z info: Server running at http://localhost:3000/
2024-06-04T21:36:56.794Z info: Server running at http://localhost:3000/
2024-06-04T21:48:18.927Z info: Server running at http://localhost:3000/
2024-06-04T21:56:43.945Z info: Server running at http://localhost:3000/
